2021-09-05 20:04:07,293 INFO  [Log] search_product() PASSED 
2021-09-05 20:04:10,169 INFO  [Log] select_a_product() PASSED 
2021-09-05 20:04:13,599 INFO  [Log] add_to_product_cart() PASSED 
2021-09-05 20:04:15,140 INFO  [Log] go_to_cart() PASSED 
2021-09-24 18:58:13,230 INFO  [Log] search_product() PASSED 
2021-09-24 18:58:13,260 ERROR [Log] select_a_product() FAILED with cause: Index 1 out of bounds for length 0 
2021-09-24 18:58:13,295 ERROR [Log] add_to_product_cart() FAILED with cause: no such element: Unable to locate element: {"method":"css selector","selector":"#add\-to\-cart\-button"}
  (Session info: chrome=94.0.4606.61)
For documentation on this error, please visit: https://www.seleniumhq.org/exceptions/no_such_element.html
Build info: version: '3.141.59', revision: 'e82be7d358', time: '2018-11-14T08:17:03'
System info: host: 'MAHMUTBALCI', ip: '192.168.1.104', os.name: 'Windows 10', os.arch: 'amd64', os.version: '10.0', java.version: '16.0.1'
Driver info: org.openqa.selenium.chrome.ChromeDriver
Capabilities {acceptInsecureCerts: false, browserName: chrome, browserVersion: 94.0.4606.61, chrome: {chromedriverVersion: 94.0.4606.41 (333e85df3c9b6..., userDataDir: C:\Users\Mahmut\AppData\Loc...}, goog:chromeOptions: {debuggerAddress: localhost:51406}, javascriptEnabled: true, networkConnectionEnabled: false, pageLoadStrategy: normal, platform: WINDOWS, platformName: WINDOWS, proxy: Proxy(), setWindowRect: true, strictFileInteractability: false, timeouts: {implicit: 0, pageLoad: 300000, script: 30000}, unhandledPromptBehavior: dismiss and notify, webauthn:extension:credBlob: true, webauthn:extension:largeBlob: true, webauthn:virtualAuthenticators: true}
Session ID: 24d18b2b888d9c12bf2611dfd0449112
*** Element info: {Using=id, value=add-to-cart-button} 
2021-09-24 18:58:14,693 ERROR [Log] go_to_cart() FAILED with cause: Product wasn't added to cart! ==> expected: <true> but was: <false> 
